08-may-2018 18:21  INFO    - a a
08-may-2018 18:22  a a
08-may-2018 18:27  a a
08-may-2018 18:27  aAlta pago
08-may-2018 18:27  aAlta pago
08-may-2018 18:29  a a
08-may-2018 18:30  a a
08-may-2018 18:30  a a
08-may-2018 18:30  a Alta pago
08-may-2018 18:31  a Modifica pago
08-may-2018 18:32  a a- Inicio sesión
08-may-2018 18:32  a - Alta pago
08-may-2018 18:33  a - Modifica pago
08-may-2018 18:36  a a - Inicio sesión
08-may-2018 20:15  a a - Inicio sesión
08-may-2018 20:17  a - Alta pago
08-may-2018 20:17  a - Alta pago
08-may-2018 20:18  a a - Inicio sesión
09-may-2018 12:09  a a - Inicio sesión
09-may-2018 12:09  a - Alta pago
09-may-2018 12:24  a a - Inicio sesión
09-may-2018 17:26  a a - Inicio sesión
09-may-2018 17:27  a a - Inicio sesión
09-may-2018 17:34  a a - Inicio sesión
09-may-2018 17:35  a a - Inicio sesión
09-may-2018 17:36  a a - Inicio sesión
09-may-2018 17:36  a a - Inicio sesión
09-may-2018 17:38  a a - Inicio sesión
09-may-2018 17:39  a a - Inicio sesión
09-may-2018 17:40  a - Alta pago
09-may-2018 17:40  a a - Inicio sesión
09-may-2018 17:45  a a - Inicio sesión
09-may-2018 17:51  a a - Inicio sesión
09-may-2018 17:51  a - Alta pago
09-may-2018 17:58  a a - Inicio sesión
09-may-2018 18:06  a a - Inicio sesión
09-may-2018 18:08  a - Alta pago
09-may-2018 18:09  F:\Users\ACER CORE I7\Documents\Minuta - 09.05.2018.pdf (El proceso no tiene acceso al archivo porque está siendo utilizado por otro proceso)
09-may-2018 18:10  a a - Inicio sesión
09-may-2018 18:11  a - Alta pago
09-may-2018 18:11  a a - Inicio sesión
09-may-2018 18:12  F:\Users\ACER CORE I7\Documents\Minuta - 09.05.2018.pdf (El proceso no tiene acceso al archivo porque está siendo utilizado por otro proceso)
09-may-2018 18:13  a a - Inicio sesión
09-may-2018 18:17  a a - Inicio sesión
09-may-2018 18:18  a a - Inicio sesión
09-may-2018 18:23  a a - Inicio sesión
09-may-2018 18:23  F:\Users\ACER CORE I7\Documents\Minuta - 09.05.2018.pdf (El proceso no tiene acceso al archivo porque está siendo utilizado por otro proceso)
09-may-2018 18:25  a a - Inicio sesión
09-may-2018 18:26  a a - Inicio sesión
09-may-2018 18:27  a a - Inicio sesión
09-may-2018 18:29  a a - Inicio sesión
09-may-2018 19:08  a a - Inicio sesión
09-may-2018 19:08  a - Alta pago
09-may-2018 19:08  a - Alta pago
09-may-2018 19:08  a - Alta pago
09-may-2018 19:09  a a - Inicio sesión
09-may-2018 19:11  a a - Inicio sesión
